<?xml version="1.0" encoding="UTF-8"?>
<!-- Generated by org.testng.reporters.JUnitReportReporter -->
<testsuite hostname="HB-laptops-053" failures="0" tests="2" name="Auto.Jatt" time="25.315" errors="0" timestamp="2021-06-24T23:25:00 EDT" skipped="0">
  <testcase classname="Auto.Jatt" name="buttons" time="13.387"/>
  <system-out/>
  <testcase classname="Auto.Jatt" name="imagess" time="11.928"/>
  <system-out/>
</testsuite> <!-- Auto.Jatt -->
