<?xml version="1.0" encoding="UTF-8"?>
<!-- Generated by org.testng.reporters.JUnitReportReporter -->
<testsuite hostname="HB-laptops-053" failures="0" tests="1" name="Auto.Automated" time="18.976" errors="0" timestamp="2021-06-24T22:58:27 EDT" skipped="0">
  <testcase classname="Auto.Automated" name="Aulakh" time="18.976"/>
  <system-out/>
</testsuite> <!-- Auto.Automated -->
